<?xml version="1.0" encoding="UTF-8" ?>
<<<<<<< HEAD
<<<<<<< HEAD
<testsuite tests="1" failures="0" name="com.unrc.app.RankTest" time="0.347" errors="0" skipped="0">
=======
<testsuite tests="1" failures="0" name="com.unrc.app.RankTest" time="1.021" errors="0" skipped="0">
>>>>>>> b951be140de7c5d3a56d28224329b3613290518c
=======
<testsuite tests="1" failures="0" name="com.unrc.app.RankTest" time="0.073" errors="0" skipped="0">
>>>>>>> 4223b298c9f00163a553a50403387207ac0cdb79
  <properties>
    <property name="java.runtime.name" value="Java(TM) SE Runtime Environment"/>
    <property name="sun.boot.library.path" value="/usr/lib/jvm/java-8-oracle/jre/lib/i386"/>
    <property name="java.vm.version" value="25.45-b02"/>
    <property name="java.vm.vendor" value="Oracle Corporation"/>
    <property name="java.vendor.url" value="http://java.oracle.com/"/>
    <property name="path.separator" value=":"/>
    <property name="guice.disable.misplaced.annotation.check" value="true"/>
    <property name="java.vm.name" value="Java HotSpot(TM) Client VM"/>
    <property name="file.encoding.pkg" value="sun.io"/>
    <property name="user.country" value="AR"/>
    <property name="sun.java.launcher" value="SUN_STANDARD"/>
    <property name="sun.os.patch.level" value="unknown"/>
    <property name="java.vm.specification.name" value="Java Virtual Machine Specification"/>
<<<<<<< HEAD
<<<<<<< HEAD
    <property name="user.dir" value="/home/agustin/Escritorio/proyectoAnalisis/connect4"/>
=======
    <property name="user.dir" value="/home/santiago/Escritorio/ProyectoAnalisis/connect4"/>
>>>>>>> 4223b298c9f00163a553a50403387207ac0cdb79
=======
    <property name="user.dir" value="/home/camila/Escritorio/Proyecto/connect4"/>
>>>>>>> b951be140de7c5d3a56d28224329b3613290518c
    <property name="java.runtime.version" value="1.8.0_45-b14"/>
    <property name="java.awt.graphicsenv" value="sun.awt.X11GraphicsEnvironment"/>
    <property name="java.endorsed.dirs" value="/usr/lib/jvm/java-8-oracle/jre/lib/endorsed"/>
    <property name="os.arch" value="i386"/>
    <property name="java.io.tmpdir" value="/tmp"/>
    <property name="line.separator" value="
"/>
    <property name="java.vm.specification.vendor" value="Oracle Corporation"/>
    <property name="os.name" value="Linux"/>
    <property name="classworlds.conf" value="/usr/share/maven/bin/m2.conf"/>
    <property name="sun.jnu.encoding" value="UTF-8"/>
    <property name="java.library.path" value="/usr/java/packages/lib/i386:/lib:/usr/lib"/>
    <property name="java.specification.name" value="Java Platform API Specification"/>
    <property name="java.class.version" value="52.0"/>
<<<<<<< HEAD
    <property name="sun.management.compiler" value="HotSpot Client Compiler"/>
    <property name="os.version" value="3.13.0-49-generic"/>
    <property name="user.home" value="/home/camila"/>
    <property name="user.timezone" value="America/Argentina/San_Luis"/>
=======
    <property name="sun.management.compiler" value="HotSpot Tiered Compilers"/>
    <property name="os.version" value="3.13.0-51-generic"/>
<<<<<<< HEAD
    <property name="user.home" value="/home/agustin"/>
    <property name="user.timezone" value="America/Argentina/Cordoba"/>
    <property name="java.awt.printerjob" value="sun.print.PSPrinterJob"/>
    <property name="file.encoding" value="UTF-8"/>
    <property name="java.specification.version" value="1.8"/>
    <property name="user.name" value="agustin"/>
=======
    <property name="user.home" value="/home/santiago"/>
    <property name="user.timezone" value="America/Argentina/Salta"/>
>>>>>>> 4223b298c9f00163a553a50403387207ac0cdb79
    <property name="java.awt.printerjob" value="sun.print.PSPrinterJob"/>
    <property name="file.encoding" value="UTF-8"/>
    <property name="java.specification.version" value="1.8"/>
<<<<<<< HEAD
    <property name="user.name" value="santiago"/>
>>>>>>> 4223b298c9f00163a553a50403387207ac0cdb79
=======
    <property name="user.name" value="camila"/>
>>>>>>> b951be140de7c5d3a56d28224329b3613290518c
    <property name="java.class.path" value="/usr/share/maven/boot/plexus-classworlds-2.x.jar"/>
    <property name="java.vm.specification.version" value="1.8"/>
    <property name="sun.arch.data.model" value="32"/>
    <property name="java.home" value="/usr/lib/jvm/java-8-oracle/jre"/>
    <property name="sun.java.command" value="org.codehaus.plexus.classworlds.launcher.Launcher test"/>
    <property name="java.specification.vendor" value="Oracle Corporation"/>
    <property name="user.language" value="es"/>
    <property name="awt.toolkit" value="sun.awt.X11.XToolkit"/>
    <property name="java.vm.info" value="mixed mode"/>
    <property name="java.version" value="1.8.0_45"/>
    <property name="java.ext.dirs" value="/usr/lib/jvm/java-8-oracle/jre/lib/ext:/usr/java/packages/lib/ext"/>
    <property name="securerandom.source" value="file:/dev/./urandom"/>
    <property name="sun.boot.class.path" value="/usr/lib/jvm/java-8-oracle/jre/lib/resources.jar:/usr/lib/jvm/java-8-oracle/jre/lib/rt.jar:/usr/lib/jvm/java-8-oracle/jre/lib/sunrsasign.jar:/usr/lib/jvm/java-8-oracle/jre/lib/jsse.jar:/usr/lib/jvm/java-8-oracle/jre/lib/jce.jar:/usr/lib/jvm/java-8-oracle/jre/lib/charsets.jar:/usr/lib/jvm/java-8-oracle/jre/lib/jfr.jar:/usr/lib/jvm/java-8-oracle/jre/classes"/>
    <property name="java.vendor" value="Oracle Corporation"/>
    <property name="maven.home" value="/usr/share/maven"/>
    <property name="file.separator" value="/"/>
    <property name="java.vendor.url.bug" value="http://bugreport.sun.com/bugreport/"/>
    <property name="sun.cpu.endian" value="little"/>
    <property name="sun.io.unicode.encoding" value="UnicodeLittle"/>
    <property name="sun.desktop" value="gnome"/>
    <property name="sun.cpu.isalist" value=""/>
  </properties>
<<<<<<< HEAD
<<<<<<< HEAD
  <testcase classname="com.unrc.app.RankTest" name="shouldValidateMandatoryFields" time="0.255"/>
=======
  <testcase classname="com.unrc.app.RankTest" name="shouldValidateMandatoryFields" time="0.716"/>
>>>>>>> b951be140de7c5d3a56d28224329b3613290518c
=======
  <testcase classname="com.unrc.app.RankTest" name="shouldValidateMandatoryFields" time="0.071"/>
>>>>>>> 4223b298c9f00163a553a50403387207ac0cdb79
</testsuite>